[debug] [2024-05-29T10:05:26.565Z] : 
[debug] [2024-05-29T10:05:26.573Z] : ----------------------------------------------------------------------
[debug] [2024-05-29T10:05:26.573Z] : Command:      C:\Program Files\nodejs\node.exe C:\Users\Isaiah\AppData\Roaming\npm\node_modules\zcatalyst-cli\lib\bin\catalyst.js serve
[debug] [2024-05-29T10:05:26.574Z] : CLI Version:  1.17.5
[debug] [2024-05-29T10:05:26.574Z] : Platform:     win32
[debug] [2024-05-29T10:05:26.575Z] : Node Version: v20.11.0
[debug] [2024-05-29T10:05:26.575Z] : Time:         Wed May 29 2024 13:05:26 GMT+0300 (East Africa Time)
[debug] [2024-05-29T10:05:26.575Z] : ----------------------------------------------------------------------
[debug] [2024-05-29T10:05:26.576Z] : 
[debug] [2024-05-29T10:05:28.432Z] : > authorizing via signed-in user option
[debug] [2024-05-29T10:05:28.432Z] : > command requires scopes: ["ZohoCatalyst.projects.ALL","ZohoCatalyst.functions.ALL","ZohoCatalyst.functions.EXECUTE","ZohoCatalyst.webapp.ALL","ZohoCatalyst.pdfshot.execute"]
[debug] [2024-05-29T10:05:28.453Z] : >>>> HTTP REQUEST : GET https://api.catalyst.zoho.com/baas/v1/project/15948000000017778 

[debug] [2024-05-29T10:05:29.815Z] : <<<< HTTP RESPONSE : 200
Response Headers: {"server":"ZGS","date":"Wed, 29 May 2024 10:05:29 GMT","content-type":"application/vnd.catalyst.v2+json","transfer-encoding":"chunked","connection":"keep-alive","set-cookie":["46512fd555=63dd9cf89a6678b816d9580ec827ee61; Path=/","ZD_CSRF_TOKEN=aa4f2f86-9f2a-4b86-88a6-de4f97effaa9;path=/;SameSite=None;Secure;priority=high","_zcsr_tmp=aa4f2f86-9f2a-4b86-88a6-de4f97effaa9;path=/;SameSite=Strict;Secure;priority=high"],"x-content-type-options":"nosniff","x-xss-protection":"1","cache-control":"private,no-cache,no-store,max-age=0,must-revalidate","pragma":"no-cache","expires":"Thu, 01 Jan 1970 00:00:00 GMT","x-frame-options":"DENY","strict-transport-security":"max-age=63072000"}

[debug] [2024-05-29T10:05:29.828Z] : >>>> HTTP REQUEST : GET https://api.catalyst.zoho.com/baas/v1/project/15948000000017778/environment 

[debug] [2024-05-29T10:05:30.328Z] : <<<< HTTP RESPONSE : 200
Response Headers: {"server":"ZGS","date":"Wed, 29 May 2024 10:05:30 GMT","content-type":"application/vnd.catalyst.v2+json","transfer-encoding":"chunked","connection":"keep-alive","set-cookie":["46512fd555=04d9a2d1e2e86744f9516a3e9f805f56; Path=/","ZD_CSRF_TOKEN=dbd93eb1-1dac-4f4e-8671-63c048bbcc3a;path=/;SameSite=None;Secure;priority=high","_zcsr_tmp=dbd93eb1-1dac-4f4e-8671-63c048bbcc3a;path=/;SameSite=Strict;Secure;priority=high"],"x-content-type-options":"nosniff","x-xss-protection":"1","cache-control":"private,no-cache,no-store,max-age=0,must-revalidate","pragma":"no-cache","expires":"Thu, 01 Jan 1970 00:00:00 GMT","x-frame-options":"DENY","strict-transport-security":"max-age=63072000"}

[debug] [2024-05-29T10:05:31.520Z] : No basic functions to add
[info] [2024-05-29T10:05:38.207Z] : [react-plugin]: Starting the development server...

[info] [2024-05-29T10:05:38.310Z] : 
[info] [2024-05-29T10:05:38.312Z] : i Client[mediacentauthportal]: Plugin : "zcatalyst-cli-plugin-react" is used for client serve
[info] [2024-05-29T10:05:38.313Z] : 
[info] [2024-05-29T10:05:44.053Z] : 
[info] [2024-05-29T10:05:44.055Z] :  >>>>>>>>>>>>> Web Client <<<<<<<<<<<<
[info] [2024-05-29T10:05:44.056Z] : i client[mediacentauthportal]: http://localhost:3000/app/
[info] [2024-05-29T10:05:44.056Z] : 
[info] [2024-05-29T10:05:49.623Z] : [react-plugin]: Compiled successfully!
[info] [2024-05-29T10:05:49.623Z] : [react-plugin]: 
[info] [2024-05-29T10:05:49.624Z] : [react-plugin]: You can now view mediacentauthportal in the browser.
[info] [2024-05-29T10:05:49.624Z] : [react-plugin]: 
[info] [2024-05-29T10:05:49.624Z] : [react-plugin]:   Local:            http://localhost:3000/app/
[info] [2024-05-29T10:05:49.625Z] : [react-plugin]:   On Your Network:  http://172.30.96.1:3000/app/
[info] [2024-05-29T10:05:49.625Z] : [react-plugin]: 
[info] [2024-05-29T10:05:49.625Z] : [react-plugin]: Note that the development build is not optimized.
[info] [2024-05-29T10:05:49.626Z] : [react-plugin]: To create a production build, use npm run build.
[info] [2024-05-29T10:05:49.626Z] : [react-plugin]: 
